Auto-cancel sweep completed
Auto-cancel sweep completed
Auto-cancel sweep completed
Auto-cancel sweep completed
Auto-cancel sweep completed
Auto-cancel sweep completed
Auto-cancel sweep completed
Auto-cancel sweep completed
Auto-cancel sweep completed
Auto-cancel sweep completed
Auto-cancel sweep completed
Auto-cancel sweep completed
Auto-cancel sweep completed
Auto-cancel sweep completed
Auto-cancel sweep completed
Auto-cancel sweep completed
Auto-cancel sweep completed
Auto-cancel sweep completed
Auto-cancel sweep completed
Auto-cancel sweep completed
Auto-cancel sweep completed
Auto-cancel sweep completed
Auto-cancel sweep completed
Auto-cancel sweep completed
Auto-cancel sweep completed
Auto-cancel sweep completed
Auto-cancel sweep completed
Auto-cancel sweep completed
Auto-cancel sweep completed
Auto-cancel sweep completed
Auto-cancel sweep completed
Auto-cancel sweep completed
Auto-cancel sweep completed
Auto-cancel sweep completed
Auto-cancel sweep completed
Auto-cancel sweep completed
Auto-cancel sweep completed
Auto-cancel sweep completed
Auto-cancel sweep completed
Auto-cancel sweep completed
Auto-cancel sweep completed
Auto-cancel sweep completed
Auto-cancel sweep completed
Auto-cancel sweep completed
Auto-cancel sweep completed
Auto-cancel sweep completed
Auto-cancel sweep completed
Auto-cancel sweep completed
Auto-cancel sweep completed
Auto-cancel sweep completed
Auto-cancel sweep completed
Auto-cancel sweep completed
Auto-cancel sweep completed
Auto-cancel sweep completed
Auto-cancel sweep completed
Auto-cancel sweep completed
Auto-cancel sweep completed
Auto-cancel sweep completed
Auto-cancel sweep completed
Auto-cancel sweep completed
Auto-cancel sweep completed
Auto-cancel sweep completed
Auto-cancel sweep completed
Auto-cancel sweep completed
Auto-cancel sweep completed
Auto-cancel sweep completed
Auto-cancel sweep completed
Auto-cancel sweep completed
Auto-cancel sweep completed
Auto-cancel sweep completed
Auto-cancel sweep completed
Auto-cancel sweep completed
Auto-cancel sweep completed
Auto-cancel sweep completed
Auto-cancel sweep completed
Auto-cancel sweep completed
Auto-cancel sweep completed
Auto-cancel sweep completed
Auto-cancel sweep completed
Auto-cancel sweep completed
Auto-cancel sweep completed
Auto-cancel sweep completed
Auto-cancel sweep completed
Auto-cancel sweep completed
Auto-cancel sweep completed
Auto-cancel sweep completed
Auto-cancel sweep completed
Auto-cancel sweep completed
Auto-cancel sweep completed
Auto-cancel sweep completed
Auto-cancel sweep completed
Auto-cancel sweep completed
Auto-cancel sweep completed
Auto-cancel sweep completed
Auto-cancel sweep completed
Auto-cancel sweep completed
Auto-cancel sweep completed
Auto-cancel sweep completed
Auto-cancel sweep completed
Auto-cancel sweep completed
Auto-cancel sweep completed
Auto-cancel sweep completed
Auto-cancel sweep completed
Auto-cancel sweep completed
Auto-cancel sweep completed
Auto-cancel sweep completed
ESCALATION sent for Order 3 (T+15)
Auto-cancel sweep completed
AUTO-CANCELLED Order 3 (T+30) – refund simulated
Auto-cancel sweep completed
Auto-cancel sweep completed
Auto-cancel sweep completed
Auto-cancel sweep completed
Auto-cancel sweep completed
Auto-cancel sweep completed
Auto-cancel sweep completed
Auto-cancel sweep completed
Auto-cancel sweep completed
Auto-cancel sweep completed
Auto-cancel sweep completed
Auto-cancel sweep completed
Auto-cancel sweep completed
Auto-cancel sweep completed
Auto-cancel sweep completed
Auto-cancel sweep completed
Auto-cancel sweep completed
Auto-cancel sweep completed
Auto-cancel sweep completed
Auto-cancel sweep completed
Auto-cancel sweep completed
Auto-cancel sweep completed
Auto-cancel sweep completed
Auto-cancel sweep completed
Auto-cancel sweep completed
Auto-cancel sweep completed
Auto-cancel sweep completed
Auto-cancel sweep completed
Auto-cancel sweep completed
Auto-cancel sweep completed
Auto-cancel sweep completed
Auto-cancel sweep completed
Auto-cancel sweep completed
Auto-cancel sweep completed
Auto-cancel sweep completed
Auto-cancel sweep completed
Auto-cancel sweep completed
Auto-cancel sweep completed
Auto-cancel sweep completed
Auto-cancel sweep completed
Auto-cancel sweep completed
Auto-cancel sweep completed
Auto-cancel sweep completed
Auto-cancel sweep completed
Auto-cancel sweep completed
Auto-cancel sweep completed
Auto-cancel sweep completed
Auto-cancel sweep completed
Auto-cancel sweep completed
Auto-cancel sweep completed
Auto-cancel sweep completed
Auto-cancel sweep completed
Auto-cancel sweep completed
Auto-cancel sweep completed
Auto-cancel sweep completed
Auto-cancel sweep completed
Auto-cancel sweep completed
Auto-cancel sweep completed
Auto-cancel sweep completed
Auto-cancel sweep completed
Auto-cancel sweep completed
Auto-cancel sweep completed
Auto-cancel sweep completed
Auto-cancel sweep completed
Auto-cancel sweep completed
Auto-cancel sweep completed
Auto-cancel sweep completed
Auto-cancel sweep completed
Auto-cancel sweep completed
Auto-cancel sweep completed
Auto-cancel sweep completed
Auto-cancel sweep completed
Auto-cancel sweep completed
Auto-cancel sweep completed
Auto-cancel sweep completed
Auto-cancel sweep completed
Auto-cancel sweep completed
Auto-cancel sweep completed
Auto-cancel sweep completed
Auto-cancel sweep completed
Auto-cancel sweep completed
Auto-cancel sweep completed
Auto-cancel sweep completed
Auto-cancel sweep completed
Auto-cancel sweep completed
Auto-cancel sweep completed
Auto-cancel sweep completed
Auto-cancel sweep completed
Auto-cancel sweep completed
Auto-cancel sweep completed
Auto-cancel sweep completed
Auto-cancel sweep completed
Auto-cancel sweep completed
Auto-cancel sweep completed
Auto-cancel sweep completed
Auto-cancel sweep completed
Auto-cancel sweep completed
Auto-cancel sweep completed
Auto-cancel sweep completed
Auto-cancel sweep completed
Auto-cancel sweep completed
Auto-cancel sweep completed
Auto-cancel sweep completed
Auto-cancel sweep completed
Auto-cancel sweep completed
Auto-cancel sweep completed
Auto-cancel sweep completed
Auto-cancel sweep completed
Auto-cancel sweep completed
Auto-cancel sweep completed
Auto-cancel sweep completed
Auto-cancel sweep completed
Auto-cancel sweep completed
Auto-cancel sweep completed
Auto-cancel sweep completed
Auto-cancel sweep completed
Auto-cancel sweep completed
Auto-cancel sweep completed
Auto-cancel sweep completed
Auto-cancel sweep completed
Auto-cancel sweep completed
Auto-cancel sweep completed
Auto-cancel sweep completed
Auto-cancel sweep completed
Auto-cancel sweep completed
Auto-cancel sweep completed
Auto-cancel sweep completed
Auto-cancel sweep completed
Auto-cancel sweep completed
Auto-cancel sweep completed
Auto-cancel sweep completed
Auto-cancel sweep completed
Auto-cancel sweep completed
Auto-cancel sweep completed
Auto-cancel sweep completed
Auto-cancel sweep completed
Auto-cancel sweep completed
Auto-cancel sweep completed
Auto-cancel sweep completed
Auto-cancel sweep completed
Auto-cancel sweep completed
Auto-cancel sweep completed
Auto-cancel sweep completed
Auto-cancel sweep completed
Auto-cancel sweep completed
Auto-cancel sweep completed
Auto-cancel sweep completed
Auto-cancel sweep completed
Auto-cancel sweep completed
Auto-cancel sweep completed
Auto-cancel sweep completed
Auto-cancel sweep completed
Auto-cancel sweep completed
Auto-cancel sweep completed
Auto-cancel sweep completed
Auto-cancel sweep completed
Auto-cancel sweep completed
Auto-cancel sweep completed
Auto-cancel sweep completed
Auto-cancel sweep completed
Auto-cancel sweep completed
Auto-cancel sweep completed
Auto-cancel sweep completed
Auto-cancel sweep completed
Auto-cancel sweep completed
Auto-cancel sweep completed
Auto-cancel sweep completed
Auto-cancel sweep completed
Auto-cancel sweep completed
Auto-cancel sweep completed
Auto-cancel sweep completed
Auto-cancel sweep completed
Auto-cancel sweep completed
Traceback (most recent call last):
  File "/home/bona/sokoshamba/manage.py", line 22, in <module>
    main()
    ~~~~^^
  File "/home/bona/sokoshamba/manage.py", line 18, in main
    execute_from_command_line(sys.argv)
    ~~~~~~~~~~~~~~~~~~~~~~~~~^^^^^^^^^^
  File "/home/bona/sokoshamba/venv/lib/python3.13/site-packages/django/core/management/__init__.py", line 443, in execute_from_command_line
    utility.execute()
    ~~~~~~~~~~~~~~~^^
  File "/home/bona/sokoshamba/venv/lib/python3.13/site-packages/django/core/management/__init__.py", line 437, in execute
    self.fetch_command(subcommand).run_from_argv(self.argv)
    ~~~~~~~~~~~~~~~~~~~~~~~~~~~~~~~~~~~~~~~~~~~~^^^^^^^^^^^
  File "/home/bona/sokoshamba/venv/lib/python3.13/site-packages/django/core/management/base.py", line 420, in run_from_argv
    self.execute(*args, **cmd_options)
    ~~~~~~~~~~~~^^^^^^^^^^^^^^^^^^^^^^
  File "/home/bona/sokoshamba/venv/lib/python3.13/site-packages/django/core/management/base.py", line 461, in execute
    self.check(**check_kwargs)
    ~~~~~~~~~~^^^^^^^^^^^^^^^^
  File "/home/bona/sokoshamba/venv/lib/python3.13/site-packages/django/core/management/base.py", line 496, in check
    all_issues = checks.run_checks(
        app_configs=app_configs,
    ...<2 lines>...
        databases=databases,
    )
  File "/home/bona/sokoshamba/venv/lib/python3.13/site-packages/django/core/checks/registry.py", line 89, in run_checks
    new_errors = check(app_configs=app_configs, databases=databases)
  File "/home/bona/sokoshamba/venv/lib/python3.13/site-packages/django/core/checks/urls.py", line 44, in check_url_namespaces_unique
    all_namespaces = _load_all_namespaces(resolver)
  File "/home/bona/sokoshamba/venv/lib/python3.13/site-packages/django/core/checks/urls.py", line 63, in _load_all_namespaces
    url_patterns = getattr(resolver, "url_patterns", [])
  File "/home/bona/sokoshamba/venv/lib/python3.13/site-packages/django/utils/functional.py", line 47, in __get__
    res = instance.__dict__[self.name] = self.func(instance)
                                         ~~~~~~~~~^^^^^^^^^^
  File "/home/bona/sokoshamba/venv/lib/python3.13/site-packages/django/urls/resolvers.py", line 729, in url_patterns
    patterns = getattr(self.urlconf_module, "urlpatterns", self.urlconf_module)
                       ^^^^^^^^^^^^^^^^^^^
  File "/home/bona/sokoshamba/venv/lib/python3.13/site-packages/django/utils/functional.py", line 47, in __get__
    res = instance.__dict__[self.name] = self.func(instance)
                                         ~~~~~~~~~^^^^^^^^^^
  File "/home/bona/sokoshamba/venv/lib/python3.13/site-packages/django/urls/resolvers.py", line 722, in urlconf_module
    return import_module(self.urlconf_name)
  File "/usr/lib/python3.13/importlib/__init__.py", line 88, in import_module
    return _bootstrap._gcd_import(name[level:], package, level)
           ~~~~~~~~~~~~~~~~~~~~~~^^^^^^^^^^^^^^^^^^^^^^^^^^^^^^
  File "<frozen importlib._bootstrap>", line 1387, in _gcd_import
  File "<frozen importlib._bootstrap>", line 1360, in _find_and_load
  File "<frozen importlib._bootstrap>", line 1331, in _find_and_load_unlocked
  File "<frozen importlib._bootstrap>", line 935, in _load_unlocked
  File "<frozen importlib._bootstrap_external>", line 1026, in exec_module
  File "<frozen importlib._bootstrap>", line 488, in _call_with_frames_removed
  File "/home/bona/sokoshamba/config/urls.py", line 32, in <module>
    path('', include('accounts.urls')),
             ~~~~~~~^^^^^^^^^^^^^^^^^
  File "/home/bona/sokoshamba/venv/lib/python3.13/site-packages/django/urls/conf.py", line 39, in include
    urlconf_module = import_module(urlconf_module)
  File "/usr/lib/python3.13/importlib/__init__.py", line 88, in import_module
    return _bootstrap._gcd_import(name[level:], package, level)
           ~~~~~~~~~~~~~~~~~~~~~~^^^^^^^^^^^^^^^^^^^^^^^^^^^^^^
  File "<frozen importlib._bootstrap>", line 1387, in _gcd_import
  File "<frozen importlib._bootstrap>", line 1360, in _find_and_load
  File "<frozen importlib._bootstrap>", line 1331, in _find_and_load_unlocked
  File "<frozen importlib._bootstrap>", line 935, in _load_unlocked
  File "<frozen importlib._bootstrap_external>", line 1026, in exec_module
  File "<frozen importlib._bootstrap>", line 488, in _call_with_frames_removed
  File "/home/bona/sokoshamba/accounts/urls.py", line 2, in <module>
    from .views import login_request, otp_verify, logout_view
  File "/home/bona/sokoshamba/accounts/views.py", line 37
    print(f'
          ^
SyntaxError: unterminated f-string literal (detected at line 37)
Auto-cancel sweep completed
Auto-cancel sweep completed
Traceback (most recent call last):
  File "/home/bona/sokoshamba/manage.py", line 22, in <module>
    main()
    ~~~~^^
  File "/home/bona/sokoshamba/manage.py", line 18, in main
    execute_from_command_line(sys.argv)
    ~~~~~~~~~~~~~~~~~~~~~~~~~^^^^^^^^^^
  File "/home/bona/sokoshamba/venv/lib/python3.13/site-packages/django/core/management/__init__.py", line 443, in execute_from_command_line
    utility.execute()
    ~~~~~~~~~~~~~~~^^
  File "/home/bona/sokoshamba/venv/lib/python3.13/site-packages/django/core/management/__init__.py", line 417, in execute
    django.setup()
    ~~~~~~~~~~~~^^
  File "/home/bona/sokoshamba/venv/lib/python3.13/site-packages/django/__init__.py", line 24, in setup
    apps.populate(settings.INSTALLED_APPS)
    ~~~~~~~~~~~~~^^^^^^^^^^^^^^^^^^^^^^^^^
  File "/home/bona/sokoshamba/venv/lib/python3.13/site-packages/django/apps/registry.py", line 124, in populate
    app_config.ready()
    ~~~~~~~~~~~~~~~~^^
  File "/home/bona/sokoshamba/venv/lib/python3.13/site-packages/django/contrib/admin/apps.py", line 27, in ready
    self.module.autodiscover()
    ~~~~~~~~~~~~~~~~~~~~~~~~^^
  File "/home/bona/sokoshamba/venv/lib/python3.13/site-packages/django/contrib/admin/__init__.py", line 52, in autodiscover
    autodiscover_modules("admin", register_to=site)
    ~~~~~~~~~~~~~~~~~~~~^^^^^^^^^^^^^^^^^^^^^^^^^^^
  File "/home/bona/sokoshamba/venv/lib/python3.13/site-packages/django/utils/module_loading.py", line 58, in autodiscover_modules
    import_module("%s.%s" % (app_config.name, module_to_search))
    ~~~~~~~~~~~~~^^^^^^^^^^^^^^^^^^^^^^^^^^^^^^^^^^^^^^^^^^^^^^^
  File "/usr/lib/python3.13/importlib/__init__.py", line 88, in import_module
    return _bootstrap._gcd_import(name[level:], package, level)
           ~~~~~~~~~~~~~~~~~~~~~~^^^^^^^^^^^^^^^^^^^^^^^^^^^^^^
  File "<frozen importlib._bootstrap>", line 1387, in _gcd_import
  File "<frozen importlib._bootstrap>", line 1360, in _find_and_load
  File "<frozen importlib._bootstrap>", line 1331, in _find_and_load_unlocked
  File "<frozen importlib._bootstrap>", line 935, in _load_unlocked
  File "<frozen importlib._bootstrap_external>", line 1026, in exec_module
  File "<frozen importlib._bootstrap>", line 488, in _call_with_frames_removed
  File "/home/bona/sokoshamba/orders/admin.py", line 71, in <module>
    admin.site.unregister(Payout)
    ~~~~~~~~~~~~~~~~~~~~~^^^^^^^^
  File "/home/bona/sokoshamba/venv/lib/python3.13/site-packages/django/contrib/admin/sites.py", line 160, in unregister
    raise NotRegistered("The model %s is not registered" % model.__name__)
django.contrib.admin.exceptions.NotRegistered: The model Payout is not registered
Auto-cancel sweep completed
Auto-cancel sweep completed
Auto-cancel sweep completed
Auto-cancel sweep completed
Auto-cancel sweep completed
Auto-cancel sweep completed
Auto-cancel sweep completed
Auto-cancel sweep completed
Auto-cancel sweep completed
Auto-cancel sweep completed
Auto-cancel sweep completed
Auto-cancel sweep completed
Auto-cancel sweep completed
Auto-cancel sweep completed
SystemCheckError: System check identified some issues:

ERRORS:
marketplace.ProductImage.image: (fields.E210) Cannot use ImageField because Pillow is not installed.
	HINT: Get Pillow at https://pypi.org/project/Pillow/ or run command "python -m pip install Pillow".
Auto-cancel sweep completed
Auto-cancel sweep completed
Auto-cancel sweep completed
Auto-cancel sweep completed
Auto-cancel sweep completed
Auto-cancel sweep completed
Auto-cancel sweep completed
Auto-cancel sweep completed
Auto-cancel sweep completed
Auto-cancel sweep completed
Auto-cancel sweep completed
Auto-cancel sweep completed
Auto-cancel sweep completed
Auto-cancel sweep completed
Auto-cancel sweep completed
Auto-cancel sweep completed
Auto-cancel sweep completed
Auto-cancel sweep completed
Auto-cancel sweep completed
Auto-cancel sweep completed
Auto-cancel sweep completed
Auto-cancel sweep completed
Traceback (most recent call last):
  File "/home/bona/sokoshamba/manage.py", line 22, in <module>
    main()
    ~~~~^^
  File "/home/bona/sokoshamba/manage.py", line 18, in main
    execute_from_command_line(sys.argv)
    ~~~~~~~~~~~~~~~~~~~~~~~~~^^^^^^^^^^
  File "/home/bona/sokoshamba/venv/lib/python3.13/site-packages/django/core/management/__init__.py", line 443, in execute_from_command_line
    utility.execute()
    ~~~~~~~~~~~~~~~^^
  File "/home/bona/sokoshamba/venv/lib/python3.13/site-packages/django/core/management/__init__.py", line 437, in execute
    self.fetch_command(subcommand).run_from_argv(self.argv)
    ~~~~~~~~~~~~~~~~~~~~~~~~~~~~~~~~~~~~~~~~~~~~^^^^^^^^^^^
  File "/home/bona/sokoshamba/venv/lib/python3.13/site-packages/django/core/management/base.py", line 420, in run_from_argv
    self.execute(*args, **cmd_options)
    ~~~~~~~~~~~~^^^^^^^^^^^^^^^^^^^^^^
  File "/home/bona/sokoshamba/venv/lib/python3.13/site-packages/django/core/management/base.py", line 461, in execute
    self.check(**check_kwargs)
    ~~~~~~~~~~^^^^^^^^^^^^^^^^
  File "/home/bona/sokoshamba/venv/lib/python3.13/site-packages/django/core/management/base.py", line 496, in check
    all_issues = checks.run_checks(
        app_configs=app_configs,
    ...<2 lines>...
        databases=databases,
    )
  File "/home/bona/sokoshamba/venv/lib/python3.13/site-packages/django/core/checks/registry.py", line 89, in run_checks
    new_errors = check(app_configs=app_configs, databases=databases)
  File "/home/bona/sokoshamba/venv/lib/python3.13/site-packages/django/core/checks/urls.py", line 44, in check_url_namespaces_unique
    all_namespaces = _load_all_namespaces(resolver)
  File "/home/bona/sokoshamba/venv/lib/python3.13/site-packages/django/core/checks/urls.py", line 63, in _load_all_namespaces
    url_patterns = getattr(resolver, "url_patterns", [])
  File "/home/bona/sokoshamba/venv/lib/python3.13/site-packages/django/utils/functional.py", line 47, in __get__
    res = instance.__dict__[self.name] = self.func(instance)
                                         ~~~~~~~~~^^^^^^^^^^
  File "/home/bona/sokoshamba/venv/lib/python3.13/site-packages/django/urls/resolvers.py", line 729, in url_patterns
    patterns = getattr(self.urlconf_module, "urlpatterns", self.urlconf_module)
                       ^^^^^^^^^^^^^^^^^^^
  File "/home/bona/sokoshamba/venv/lib/python3.13/site-packages/django/utils/functional.py", line 47, in __get__
    res = instance.__dict__[self.name] = self.func(instance)
                                         ~~~~~~~~~^^^^^^^^^^
  File "/home/bona/sokoshamba/venv/lib/python3.13/site-packages/django/urls/resolvers.py", line 722, in urlconf_module
    return import_module(self.urlconf_name)
  File "/usr/lib/python3.13/importlib/__init__.py", line 88, in import_module
    return _bootstrap._gcd_import(name[level:], package, level)
           ~~~~~~~~~~~~~~~~~~~~~~^^^^^^^^^^^^^^^^^^^^^^^^^^^^^^
  File "<frozen importlib._bootstrap>", line 1387, in _gcd_import
  File "<frozen importlib._bootstrap>", line 1360, in _find_and_load
  File "<frozen importlib._bootstrap>", line 1331, in _find_and_load_unlocked
  File "<frozen importlib._bootstrap>", line 935, in _load_unlocked
  File "<frozen importlib._bootstrap_external>", line 1026, in exec_module
  File "<frozen importlib._bootstrap>", line 488, in _call_with_frames_removed
  File "/home/bona/sokoshamba/config/urls.py", line 5, in <module>
    from marketplace.views import (
    ...<4 lines>...
    )
  File "/home/bona/sokoshamba/marketplace/views.py", line 9, in <module>
    from orders.views import get_verified_farmer
  File "/home/bona/sokoshamba/orders/views.py", line 11, in <module>
    from marketplace.views import get_or_create_cart
ImportError: cannot import name 'get_or_create_cart' from partially initialized module 'marketplace.views' (most likely due to a circular import) (/home/bona/sokoshamba/marketplace/views.py)
Auto-cancel sweep completed
Auto-cancel sweep completed
Auto-cancel sweep completed
Auto-cancel sweep completed
Auto-cancel sweep completed
Auto-cancel sweep completed
Auto-cancel sweep completed
Auto-cancel sweep completed
Auto-cancel sweep completed
Auto-cancel sweep completed
Auto-cancel sweep completed
Auto-cancel sweep completed
Auto-cancel sweep completed
Auto-cancel sweep completed
Auto-cancel sweep completed
Auto-cancel sweep completed
Auto-cancel sweep completed
Auto-cancel sweep completed
Auto-cancel sweep completed
Auto-cancel sweep completed
Auto-cancel sweep completed
Auto-cancel sweep completed
Auto-cancel sweep completed
Auto-cancel sweep completed
Auto-cancel sweep completed
Auto-cancel sweep completed
Auto-cancel sweep completed
Auto-cancel sweep completed
Auto-cancel sweep completed
Auto-cancel sweep completed
Auto-cancel sweep completed
Auto-cancel sweep completed
Auto-cancel sweep completed
Auto-cancel sweep completed
Auto-cancel sweep completed
Auto-cancel sweep completed
Auto-cancel sweep completed
Auto-cancel sweep completed
Auto-cancel sweep completed
Auto-cancel sweep completed
Auto-cancel sweep completed
Auto-cancel sweep completed
Auto-cancel sweep completed
Auto-cancel sweep completed
Auto-cancel sweep completed
Auto-cancel sweep completed
Auto-cancel sweep completed
Auto-cancel sweep completed
Auto-cancel sweep completed
Auto-cancel sweep completed
Auto-cancel sweep completed
Auto-cancel sweep completed
Auto-cancel sweep completed
Auto-cancel sweep completed
Auto-cancel sweep completed
Auto-cancel sweep completed
Auto-cancel sweep completed
Auto-cancel sweep completed
Auto-cancel sweep completed
Auto-cancel sweep completed
Auto-cancel sweep completed
Auto-cancel sweep completed
Auto-cancel sweep completed
Auto-cancel sweep completed
Auto-cancel sweep completed
Auto-cancel sweep completed
Auto-cancel sweep completed
Auto-cancel sweep completed
Auto-cancel sweep completed
Auto-cancel sweep completed
Auto-cancel sweep completed
Auto-cancel sweep completed
Auto-cancel sweep completed
Auto-cancel sweep completed
Auto-cancel sweep completed
Auto-cancel sweep completed
Auto-cancel sweep completed
Auto-cancel sweep completed
Auto-cancel sweep completed
Auto-cancel sweep completed
Auto-cancel sweep completed
Auto-cancel sweep completed
Auto-cancel sweep completed
Auto-cancel sweep completed
Auto-cancel sweep completed
Auto-cancel sweep completed
Auto-cancel sweep completed
Auto-cancel sweep completed
Auto-cancel sweep completed
Auto-cancel sweep completed
Auto-cancel sweep completed
Auto-cancel sweep completed
Auto-cancel sweep completed
Auto-cancel sweep completed
Auto-cancel sweep completed
Auto-cancel sweep completed
Auto-cancel sweep completed
Auto-cancel sweep completed
Auto-cancel sweep completed
Auto-cancel sweep completed
Auto-cancel sweep completed
Auto-cancel sweep completed
Auto-cancel sweep completed
Auto-cancel sweep completed
Auto-cancel sweep completed
Auto-cancel sweep completed
Auto-cancel sweep completed
Auto-cancel sweep completed
Auto-cancel sweep completed
Auto-cancel sweep completed
Auto-cancel sweep completed
Auto-cancel sweep completed
Auto-cancel sweep completed
Auto-cancel sweep completed
Auto-cancel sweep completed
Auto-cancel sweep completed
Auto-cancel sweep completed
Auto-cancel sweep completed
Auto-cancel sweep completed
Auto-cancel sweep completed
Auto-cancel sweep completed
Auto-cancel sweep completed
Auto-cancel sweep completed
Auto-cancel sweep completed
Auto-cancel sweep completed
Auto-cancel sweep completed
Auto-cancel sweep completed
Auto-cancel sweep completed
Auto-cancel sweep completed
Auto-cancel sweep completed
Auto-cancel sweep completed
Auto-cancel sweep completed
Auto-cancel sweep completed
Auto-cancel sweep completed
Auto-cancel sweep completed
Auto-cancel sweep completed
Auto-cancel sweep completed
Auto-cancel sweep completed
Auto-cancel sweep completed
Auto-cancel sweep completed
Auto-cancel sweep completed
Auto-cancel sweep completed
